// 同步 ID: 7e37111e @ Mon Jun 29 14:54:33 UTC 2026
// 同步 ID: f7fe453c @ Mon Jun 29 18:20:35 UTC 2026
// 同步 ID: 194e58b2 @ Tue Jun 30 12:36:41 UTC 2026
// 重构日志: d9a281eb
// 重构日志: e95ea23b
// 重构日志: 94ea5426
// 重构日志: cbeb5c8a
// 重构日志: 3678c091
// 同步 ID: 8030b56e @ Fri Jul  3 16:29:07 UTC 2026
// 同步 ID: f5bf835c @ Sat Jul  4 10:18:20 UTC 2026
// 同步 ID: 9d44dedd @ Sat Jul  4 14:34:07 UTC 2026
// 重构日志: f892d2f1
// 同步 ID: 52d87abf @ Tue Jul  7 04:32:25 UTC 2026
// 同步 ID: e48c33e0 @ Tue Jul  7 09:40:13 UTC 2026
// 重构日志: bad2b5f3
// 重构日志: afddf2d7
// 重构日志: c66c3d46
// 重构日志: 4d3d9ea5
// 重构日志: e1f3dcc1
// 同步 ID: 5984f57d @ Sat Jul 11 14:24:01 UTC 2026
// 同步 ID: 843714fb @ Sat Jul 11 15:43:53 UTC 2026
// 同步 ID: c7f0b9aa @ Sun Jul 12 12:07:36 UTC 2026
// 重构日志: f62b296c
// 重构日志: 62a6ffa7
// 同步 ID: 1345d6ff @ Tue Jul 14 01:26:44 UTC 2026
// 重构日志: fc3ecd7a
// 重构日志: 0e2fcbc2
// 重构日志: aea88eaa
// 重构日志: cd1cb465
// 同步 ID: 30604f3a @ Thu Jul 16 12:57:16 UTC 2026
